<?xml version="1.0" encoding="UTF-8"?>
<!-- Generated by org.testng.reporters.JUnitReportReporter -->
<testsuite hostname="ATMECSINLT-087" failures="0" tests="4" name="Test.Cal.Method.NewTest" time="0.044" errors="0" timestamp="20 Aug 2019 13:35:56 GMT" skipped="0">
  <testcase classname="Test.Cal.Method.NewTest" name="mul" time="0.008"/>
  <testcase classname="Test.Cal.Method.NewTest" name="add" time="0.028"/>
  <testcase classname="Test.Cal.Method.NewTest" name="div" time="0.004"/>
  <testcase classname="Test.Cal.Method.NewTest" name="sub" time="0.004"/>
</testsuite> <!-- Test.Cal.Method.NewTest -->
