<?xml version="1.0" encoding="UTF-8"?>
<!-- Generated by org.testng.reporters.JUnitReportReporter -->
<testsuite skipped="0" hostname="ATMECSINLT-087" name="ATMECS.XLSX_Test.AppTest" tests="4" failures="0" timestamp="22 Aug 2019 09:22:40 GMT" time="0.032" errors="0">
  <testcase name="test1" time="0.016" classname="ATMECS.XLSX_Test.AppTest"/>
  <testcase name="test1" time="0.004" classname="ATMECS.XLSX_Test.AppTest"/>
  <testcase name="test1" time="0.004" classname="ATMECS.XLSX_Test.AppTest"/>
  <testcase name="test1" time="0.008" classname="ATMECS.XLSX_Test.AppTest"/>
</testsuite> <!-- ATMECS.XLSX_Test.AppTest -->
