<?xml version="1.0" encoding="UTF-8"?>
<!-- Generated by org.testng.reporters.JUnitReportReporter -->
<testsuite hostname="ATMECSINLT-087" failures="0" tests="1" name="Test_Con.Testing" time="0.291" errors="0" timestamp="21 Aug 2019 14:16:32 GMT" skipped="0">
  <testcase classname="Test_Con.Testing" name="testFetch" time="0.291"/>
</testsuite> <!-- Test_Con.Testing -->
